[2m7:49:44 AM[22m [31m[1m[vite][22m[39m [31m[2m(client)[22m[39m Pre-transform error: Failed to resolve import "../data" from "src/services/appStateRepository.ts". Does the file exist?
  Plugin: [35mvite:import-analysis[39m
  File: [36mC:/Users/Admin/Documents/tokopediakaririndonesia/src/services/appStateRepository.ts[39m:2:29
[33m  1  |  import { initialState } from "../data";
     |                                ^
  2  |  const storageKey = "orderops-app-state";
  3  |  const emptyState = {[39m
[2m7:49:45 AM[22m [31m[1m[vite][22m[39m [31m[2m(client)[22m[39m Pre-transform error: Failed to resolve import "../data" from "src/services/appStateRepository.ts". Does the file exist?
  Plugin: [35mvite:import-analysis[39m
  File: [36mC:/Users/Admin/Documents/tokopediakaririndonesia/src/services/appStateRepository.ts[39m:2:29
[33m  1  |  import { initialState } from "../data";
     |                                ^
  2  |  const storageKey = "orderops-app-state";
  3  |  const emptyState = {[39m
[2m7:49:45 AM[22m [31m[1m[vite][22m[39m [31mInternal server error: Failed to resolve import "../data" from "src/services/appStateRepository.ts". Does the file exist?[39m
  Plugin: [35mvite:import-analysis[39m
  File: [36mC:/Users/Admin/Documents/tokopediakaririndonesia/src/services/appStateRepository.ts[39m:2:29
[33m  1  |  import { initialState } from "../data";
     |                                ^
  2  |  const storageKey = "orderops-app-state";
  3  |  const emptyState = {[39m
      at TransformPluginContext._formatLog (file:///C:/Users/Admin/Documents/tokopediakaririndonesia/node_modules/vite/dist/node/chunks/config.js:29079:43)
      at TransformPluginContext.error (file:///C:/Users/Admin/Documents/tokopediakaririndonesia/node_modules/vite/dist/node/chunks/config.js:29076:14)
      at normalizeUrl (file:///C:/Users/Admin/Documents/tokopediakaririndonesia/node_modules/vite/dist/node/chunks/config.js:27199:18)
      at process.processTicksAndRejections (node:internal/process/task_queues:104:5)
      at async file:///C:/Users/Admin/Documents/tokopediakaririndonesia/node_modules/vite/dist/node/chunks/config.js:27257:32
      at async Promise.all (index 0)
      at async TransformPluginContext.transform (file:///C:/Users/Admin/Documents/tokopediakaririndonesia/node_modules/vite/dist/node/chunks/config.js:27225:4)
      at async EnvironmentPluginContainer.transform (file:///C:/Users/Admin/Documents/tokopediakaririndonesia/node_modules/vite/dist/node/chunks/config.js:28877:14)
      at async loadAndTransform (file:///C:/Users/Admin/Documents/tokopediakaririndonesia/node_modules/vite/dist/node/chunks/config.js:22746:26)
      at async viteTransformMiddleware (file:///C:/Users/Admin/Documents/tokopediakaririndonesia/node_modules/vite/dist/node/chunks/config.js:24622:20)
[2m7:50:29 AM[22m [31m[1m[vite][22m[39m [31m[2m(client)[22m[39m Pre-transform error: Failed to resolve import "../data" from "src/services/appStateRepository.ts". Does the file exist?
  Plugin: [35mvite:import-analysis[39m
  File: [36mC:/Users/Admin/Documents/tokopediakaririndonesia/src/services/appStateRepository.ts[39m:2:29
[33m  1  |  import { initialState } from "../data";
     |                                ^
  2  |  const storageKey = "orderops-app-state";
  3  |  const emptyState = {[39m
