
> order-ops-dashboard@0.1.0 dev
> vite --host 127.0.0.1 --port 5173

[2m9:16:59 AM[22m [36m[1m[vite][22m[39m [90m[2m(client)[22m[39m Re-optimizing dependencies because lockfile has changed

  [32m[1mVITE[22m v7.3.5[39m  [2mready in [0m[1m317[22m[2m[0m ms[22m

  [32m➜[39m  [1mLocal[22m:   [36mhttp://127.0.0.1:[1m5173[22m/[39m
[2m[32m  ➜[39m[22m[2m  press [22m[1mh + enter[22m[2m to show help[22m
[2m9:26:50 AM[22m [36m[1m[vite][22m[39m [32m.env changed, restarting server...[39m
[2m9:26:50 AM[22m [36m[1m[vite][22m[39m server restarted.
[2m9:47:27 AM[22m [36m[1m[vite][22m[39m [90m[2m(client)[22m[39m [32mhmr update [39m[2m/src/styles.css, /src/pages/CustomerPage.tsx[22m
[2m9:50:31 AM[22m [36m[1m[vite][22m[39m [90m[2m(client)[22m[39m [32mhmr update [39m[2m/src/styles.css, /src/pages/AdminPage.tsx[22m
[2m6:31:20 AM[22m [36m[1m[vite][22m[39m [90m[2m(client)[22m[39m [32mhmr update [39m[2m/src/styles.css, /src/store/AppStore.tsx[22m
[2m6:31:21 AM[22m [36m[1m[vite][22m[39m [90m[2m(client)[22m[39m [33mhmr invalidate [39m[2m/src/store/AppStore.tsx[22m Could not Fast Refresh ("useAppStore" export is incompatible). Learn more at https://github.com/vitejs/vite-plugin-react/tree/main/packages/plugin-react#consistent-components-exports
[2m6:31:21 AM[22m [36m[1m[vite][22m[39m [90m[2m(client)[22m[39m [32mhmr update [39m[2m/src/App.tsx, /src/pages/RegisterPage.tsx, /src/pages/AdminPage.tsx, /src/pages/CustomerPage.tsx, /src/components/customer/TransactionModal.tsx, /src/components/admin/AccountPanel.tsx, /src/components/admin/FinanceTable.tsx, /src/components/admin/OrderTable.tsx, /src/components/admin/BankForm.tsx, /src/components/admin/ProductForm.tsx[22m
[2m6:31:40 AM[22m [36m[1m[vite][22m[39m [90m[2m(client)[22m[39m [32mhmr update [39m[2m/src/styles.css, /src/store/AppStore.tsx[22m
[2m6:31:40 AM[22m [36m[1m[vite][22m[39m [90m[2m(client)[22m[39m [33mhmr invalidate [39m[2m/src/store/AppStore.tsx[22m Could not Fast Refresh ("useAppStore" export is incompatible). Learn more at https://github.com/vitejs/vite-plugin-react/tree/main/packages/plugin-react#consistent-components-exports
[2m6:31:40 AM[22m [36m[1m[vite][22m[39m [90m[2m(client)[22m[39m [32mhmr update [39m[2m/src/App.tsx, /src/pages/RegisterPage.tsx, /src/pages/AdminPage.tsx, /src/pages/CustomerPage.tsx, /src/components/customer/TransactionModal.tsx, /src/components/admin/AccountPanel.tsx, /src/components/admin/FinanceTable.tsx, /src/components/admin/OrderTable.tsx, /src/components/admin/BankForm.tsx, /src/components/admin/ProductForm.tsx[22m
[2m6:35:16 AM[22m [36m[1m[vite][22m[39m [90m[2m(client)[22m[39m [32mhmr update [39m[2m/src/styles.css, /src/store/AppStore.tsx[22m
[2m6:35:16 AM[22m [36m[1m[vite][22m[39m [90m[2m(client)[22m[39m [33mhmr invalidate [39m[2m/src/store/AppStore.tsx[22m Could not Fast Refresh ("useAppStore" export is incompatible). Learn more at https://github.com/vitejs/vite-plugin-react/tree/main/packages/plugin-react#consistent-components-exports
[2m6:35:16 AM[22m [36m[1m[vite][22m[39m [90m[2m(client)[22m[39m [32mhmr update [39m[2m/src/App.tsx, /src/pages/RegisterPage.tsx, /src/pages/AdminPage.tsx, /src/pages/CustomerPage.tsx, /src/components/customer/TransactionModal.tsx, /src/components/admin/AccountPanel.tsx, /src/components/admin/FinanceTable.tsx, /src/components/admin/OrderTable.tsx, /src/components/admin/BankForm.tsx, /src/components/admin/ProductForm.tsx[22m
[2m6:35:32 AM[22m [36m[1m[vite][22m[39m [90m[2m(client)[22m[39m [32mhmr update [39m[2m/src/styles.css, /src/store/AppStore.tsx[22m
[2m6:35:32 AM[22m [36m[1m[vite][22m[39m [90m[2m(client)[22m[39m [33mhmr invalidate [39m[2m/src/store/AppStore.tsx[22m Could not Fast Refresh ("useAppStore" export is incompatible). Learn more at https://github.com/vitejs/vite-plugin-react/tree/main/packages/plugin-react#consistent-components-exports
[2m6:35:32 AM[22m [36m[1m[vite][22m[39m [90m[2m(client)[22m[39m [32mhmr update [39m[2m/src/App.tsx, /src/pages/RegisterPage.tsx, /src/pages/AdminPage.tsx, /src/pages/CustomerPage.tsx, /src/components/customer/TransactionModal.tsx, /src/components/admin/AccountPanel.tsx, /src/components/admin/FinanceTable.tsx, /src/components/admin/OrderTable.tsx, /src/components/admin/BankForm.tsx, /src/components/admin/ProductForm.tsx[22m
[2m6:35:35 AM[22m [36m[1m[vite][22m[39m [90m[2m(client)[22m[39m [32mpage reload [39m[2msrc/data.ts[22m
[2m6:35:56 AM[22m [36m[1m[vite][22m[39m [90m[2m(client)[22m[39m [32mhmr update [39m[2m/src/styles.css[22m
[2m6:41:12 AM[22m [36m[1m[vite][22m[39m [90m[2m(client)[22m[39m [32mhmr update [39m[2m/src/styles.css, /src/pages/CustomerPage.tsx[22m
[2m6:45:35 AM[22m [36m[1m[vite][22m[39m [90m[2m(client)[22m[39m [32mhmr update [39m[2m/src/styles.css, /src/pages/CustomerPage.tsx[22m
[2m6:51:48 AM[22m [36m[1m[vite][22m[39m [90m[2m(client)[22m[39m [32mhmr update [39m[2m/src/styles.css[22m
[2m6:58:28 AM[22m [36m[1m[vite][22m[39m [90m[2m(client)[22m[39m [32mhmr update [39m[2m/src/styles.css[22m
[2m7:10:11 AM[22m [36m[1m[vite][22m[39m [90m[2m(client)[22m[39m [32mhmr update [39m[2m/src/styles.css, /src/store/AppStore.tsx[22m
[2m7:10:11 AM[22m [36m[1m[vite][22m[39m [90m[2m(client)[22m[39m [33mhmr invalidate [39m[2m/src/store/AppStore.tsx[22m Could not Fast Refresh ("useAppStore" export is incompatible). Learn more at https://github.com/vitejs/vite-plugin-react/tree/main/packages/plugin-react#consistent-components-exports
[2m7:10:11 AM[22m [36m[1m[vite][22m[39m [90m[2m(client)[22m[39m [32mhmr update [39m[2m/src/App.tsx, /src/pages/RegisterPage.tsx, /src/pages/AdminPage.tsx, /src/pages/CustomerPage.tsx, /src/components/customer/TransactionModal.tsx, /src/components/admin/AccountPanel.tsx, /src/components/admin/FinanceTable.tsx, /src/components/admin/OrderTable.tsx, /src/components/admin/BankForm.tsx, /src/components/admin/ProductForm.tsx[22m
[2m7:13:59 AM[22m [36m[1m[vite][22m[39m [90m[2m(client)[22m[39m [32mhmr update [39m[2m/src/styles.css, /src/components/admin/ProductForm.tsx[22m
[2m7:17:02 AM[22m [36m[1m[vite][22m[39m [90m[2m(client)[22m[39m [32mhmr update [39m[2m/src/styles.css, /src/store/AppStore.tsx[22m
[2m7:17:02 AM[22m [36m[1m[vite][22m[39m [90m[2m(client)[22m[39m [33mhmr invalidate [39m[2m/src/store/AppStore.tsx[22m Could not Fast Refresh ("useAppStore" export is incompatible). Learn more at https://github.com/vitejs/vite-plugin-react/tree/main/packages/plugin-react#consistent-components-exports
[2m7:17:02 AM[22m [36m[1m[vite][22m[39m [90m[2m(client)[22m[39m [32mhmr update [39m[2m/src/App.tsx, /src/pages/RegisterPage.tsx, /src/pages/AdminPage.tsx, /src/pages/CustomerPage.tsx, /src/components/customer/TransactionModal.tsx, /src/components/admin/AccountPanel.tsx, /src/components/admin/FinanceTable.tsx, /src/components/admin/OrderTable.tsx, /src/components/admin/BankForm.tsx, /src/components/admin/ProductForm.tsx[22m
[2m7:19:24 AM[22m [36m[1m[vite][22m[39m [90m[2m(client)[22m[39m [32mhmr update [39m[2m/src/styles.css[22m
[2m7:19:39 AM[22m [36m[1m[vite][22m[39m [90m[2m(client)[22m[39m [32mhmr update [39m[2m/src/styles.css, /src/pages/RegisterPage.tsx[22m
[2m7:20:11 AM[22m [36m[1m[vite][22m[39m [90m[2m(client)[22m[39m [32mhmr update [39m[2m/src/styles.css, /src/store/AppStore.tsx[22m
[2m7:20:11 AM[22m [36m[1m[vite][22m[39m [90m[2m(client)[22m[39m [33mhmr invalidate [39m[2m/src/store/AppStore.tsx[22m Could not Fast Refresh ("useAppStore" export is incompatible). Learn more at https://github.com/vitejs/vite-plugin-react/tree/main/packages/plugin-react#consistent-components-exports
[2m7:20:11 AM[22m [36m[1m[vite][22m[39m [90m[2m(client)[22m[39m [32mhmr update [39m[2m/src/App.tsx, /src/pages/RegisterPage.tsx, /src/pages/AdminPage.tsx, /src/pages/CustomerPage.tsx, /src/components/customer/TransactionModal.tsx, /src/components/admin/AccountPanel.tsx, /src/components/admin/FinanceTable.tsx, /src/components/admin/OrderTable.tsx, /src/components/admin/BankForm.tsx, /src/components/admin/ProductForm.tsx[22m
[2m7:20:36 AM[22m [36m[1m[vite][22m[39m [90m[2m(client)[22m[39m [32mhmr update [39m[2m/src/styles.css, /src/store/AppStore.tsx[22m
[2m7:20:36 AM[22m [36m[1m[vite][22m[39m [90m[2m(client)[22m[39m [33mhmr invalidate [39m[2m/src/store/AppStore.tsx[22m Could not Fast Refresh ("useAppStore" export is incompatible). Learn more at https://github.com/vitejs/vite-plugin-react/tree/main/packages/plugin-react#consistent-components-exports
[2m7:20:36 AM[22m [36m[1m[vite][22m[39m [90m[2m(client)[22m[39m [32mhmr update [39m[2m/src/App.tsx, /src/pages/RegisterPage.tsx, /src/pages/AdminPage.tsx, /src/pages/CustomerPage.tsx, /src/components/customer/TransactionModal.tsx, /src/components/admin/AccountPanel.tsx, /src/components/admin/FinanceTable.tsx, /src/components/admin/OrderTable.tsx, /src/components/admin/BankForm.tsx, /src/components/admin/ProductForm.tsx[22m
[2m7:20:53 AM[22m [36m[1m[vite][22m[39m [90m[2m(client)[22m[39m [32mhmr update [39m[2m/src/styles.css[22m
[2m8:17:40 AM[22m [36m[1m[vite][22m[39m [32m.env changed, restarting server...[39m
[2m8:17:41 AM[22m [36m[1m[vite][22m[39m server restarted.
[2m8:19:28 AM[22m [36m[1m[vite][22m[39m [90m[2m(client)[22m[39m [32mhmr update [39m[2m/src/styles.css, /src/pages/RegisterPage.tsx[22m
[2m8:26:40 AM[22m [36m[1m[vite][22m[39m [90m[2m(client)[22m[39m [32mpage reload [39m[2m.git-rewrite/t/index.html[22m
[2m8:26:40 AM[22m [36m[1m[vite][22m[39m changed tsconfig file detected: C:/Users/Admin/Documents/tokopediakaririndonesia/.git-rewrite/t/tsconfig.json - Clearing cache and forcing full-reload to ensure TypeScript is compiled with updated config values.
[2m8:26:40 AM[22m [36m[1m[vite][22m[39m [90m[2m(client)[22m[39m [32mpage reload [39m[2m.git-rewrite/t/dist/index.html[22m
[2m8:26:40 AM[22m [36m[1m[vite][22m[39m changed tsconfig file detected: C:/Users/Admin/Documents/tokopediakaririndonesia/.git-rewrite/t/tsconfig.json - Clearing cache and forcing full-reload to ensure TypeScript is compiled with updated config values.
[2m8:26:40 AM[22m [36m[1m[vite][22m[39m [90m[2m(client)[22m[39m [32mpage reload [39m[2m.git-rewrite/t/index.html[22m
[2m8:26:40 AM[22m [36m[1m[vite][22m[39m [90m[2m(client)[22m[39m [32mpage reload [39m[2m.git-rewrite/t/dist/index.html[22m
[2m4:38:22 PM[22m [36m[1m[vite][22m[39m [90m[2m(client)[22m[39m [32mhmr update [39m[2m/src/styles.css, /src/pages/RegisterPage.tsx[22m
[2m4:40:00 PM[22m [36m[1m[vite][22m[39m [90m[2m(client)[22m[39m [32mhmr update [39m[2m/src/styles.css, /src/pages/RegisterPage.tsx[22m
[2m7:16:34 AM[22m [36m[1m[vite][22m[39m [32m.env.local changed, restarting server...[39m
[2m7:16:34 AM[22m [36m[1m[vite][22m[39m [90m[2m(client)[22m[39m Re-optimizing dependencies because lockfile has changed
[2m7:16:34 AM[22m [36m[1m[vite][22m[39m server restarted.
[2m7:36:52 AM[22m [36m[1m[vite][22m[39m [32m.env.local changed, restarting server...[39m
[2m7:36:52 AM[22m [36m[1m[vite][22m[39m server restarted.
[2m7:39:13 AM[22m [36m[1m[vite][22m[39m [32m.env.local changed, restarting server...[39m
[2m7:39:13 AM[22m [36m[1m[vite][22m[39m [90m[2m(client)[22m[39m Re-optimizing dependencies because lockfile has changed
[2m7:39:13 AM[22m [36m[1m[vite][22m[39m server restarted.
[2m7:39:29 AM[22m [36m[1m[vite][22m[39m [32m.env changed, restarting server...[39m
[2m7:39:29 AM[22m [36m[1m[vite][22m[39m server restarted.
[2m7:41:28 AM[22m [36m[1m[vite][22m[39m [32m.env changed, restarting server...[39m
[2m7:41:28 AM[22m [36m[1m[vite][22m[39m server restarted.
[2m7:42:33 AM[22m [36m[1m[vite][22m[39m [32m.env changed, restarting server...[39m
[2m7:42:33 AM[22m [36m[1m[vite][22m[39m server restarted.
[2m7:42:48 AM[22m [36m[1m[vite][22m[39m [32m.env changed, restarting server...[39m
[2m7:42:48 AM[22m [36m[1m[vite][22m[39m server restarted.
[2m7:43:00 AM[22m [36m[1m[vite][22m[39m [32m.env changed, restarting server...[39m
[2m7:43:00 AM[22m [36m[1m[vite][22m[39m server restarted.
[2m7:43:57 AM[22m [36m[1m[vite][22m[39m [32m.env changed, restarting server...[39m
[2m7:43:57 AM[22m [36m[1m[vite][22m[39m server restarted.
[2m7:44:43 AM[22m [36m[1m[vite][22m[39m [32m.env changed, restarting server...[39m
[2m7:44:43 AM[22m [36m[1m[vite][22m[39m server restarted.
[2m7:48:10 AM[22m [36m[1m[vite][22m[39m [32m.env changed, restarting server...[39m
[2m7:48:10 AM[22m [36m[1m[vite][22m[39m server restarted.
[2m7:48:15 AM[22m [36m[1m[vite][22m[39m [32m.env changed, restarting server...[39m
[2m7:48:15 AM[22m [36m[1m[vite][22m[39m server restarted.
[2m7:48:15 AM[22m [36m[1m[vite][22m[39m [32m.env changed, restarting server...[39m
[2m7:48:16 AM[22m [36m[1m[vite][22m[39m server restarted.
[2m7:48:27 AM[22m [36m[1m[vite][22m[39m [32m.env changed, restarting server...[39m
[2m7:48:27 AM[22m [36m[1m[vite][22m[39m server restarted.
[2m7:48:45 AM[22m [36m[1m[vite][22m[39m [32m.env changed, restarting server...[39m
[2m7:48:45 AM[22m [36m[1m[vite][22m[39m server restarted.
[2m7:48:46 AM[22m [36m[1m[vite][22m[39m [32m.env changed, restarting server...[39m
[2m7:48:46 AM[22m [36m[1m[vite][22m[39m server restarted.
[2m7:48:46 AM[22m [36m[1m[vite][22m[39m [32m.env changed, restarting server...[39m
[2m7:48:46 AM[22m [36m[1m[vite][22m[39m server restarted.
[2m7:49:44 AM[22m [36m[1m[vite][22m[39m [32m.env changed, restarting server...[39m
[2m7:49:44 AM[22m [36m[1m[vite][22m[39m server restarted.
[2m7:49:44 AM[22m [36m[1m[vite][22m[39m [90m[2m(client)[22m[39m [32mhmr update [39m[2m/src/styles.css[22m
[2m7:49:44 AM[22m [36m[1m[vite][22m[39m [90m[2m(client)[22m[39m [32mhmr update [39m[2m/src/styles.css, /src/store/AppStore.tsx[22m
[2m7:50:13 AM[22m [36m[1m[vite][22m[39m [90m[2m(client)[22m[39m [32mhmr update [39m[2m/src/styles.css[22m
[2m7:50:13 AM[22m [36m[1m[vite][22m[39m [90m[2m(client)[22m[39m [32mhmr update [39m[2m/src/styles.css, /src/store/AppStore.tsx[22m
[2m7:50:14 AM[22m [36m[1m[vite][22m[39m [90m[2m(client)[22m[39m [32mhmr update [39m[2m/src/styles.css, /src/store/AppStore.tsx[22m
[2m7:50:14 AM[22m [36m[1m[vite][22m[39m [90m[2m(client)[22m[39m [32mhmr update [39m[2m/src/styles.css[22m
[2m7:50:14 AM[22m [36m[1m[vite][22m[39m [90m[2m(client)[22m[39m [32mhmr update [39m[2m/src/styles.css, /src/store/AppStore.tsx[22m
[2m7:50:14 AM[22m [36m[1m[vite][22m[39m [90m[2m(client)[22m[39m [32mhmr update [39m[2m/src/styles.css, /src/store/AppStore.tsx[22m
[2m7:51:19 AM[22m [36m[1m[vite][22m[39m [90m[2m(client)[22m[39m [32mhmr update [39m[2m/src/store/AppStore.tsx[22m
[2m7:54:54 AM[22m [36m[1m[vite][22m[39m [90m[2m(client)[22m[39m [32mhmr update [39m[2m/src/styles.css, /src/store/AppStore.tsx[22m
[2m7:55:13 AM[22m [36m[1m[vite][22m[39m [90m[2m(client)[22m[39m [32mhmr update [39m[2m/src/styles.css, /src/store/AppStore.tsx[22m
[2m7:57:47 AM[22m [36m[1m[vite][22m[39m [90m[2m(client)[22m[39m [32mhmr update [39m[2m/src/styles.css, /src/store/AppStore.tsx[22m
[2m8:03:24 AM[22m [36m[1m[vite][22m[39m [90m[2m(client)[22m[39m [32mpage reload [39m[2msrc/main.tsx[22m
[2m8:05:25 AM[22m [36m[1m[vite][22m[39m [90m[2m(client)[22m[39m [32mhmr update [39m[2m/src/styles.css, /src/store/AppStore.tsx[22m
[2m8:05:25 AM[22m [36m[1m[vite][22m[39m [90m[2m(client)[22m[39m [33mhmr invalidate [39m[2m/src/store/AppStore.tsx[22m Could not Fast Refresh ("useAppStore" export is incompatible). Learn more at https://github.com/vitejs/vite-plugin-react/tree/main/packages/plugin-react#consistent-components-exports
[2m8:05:25 AM[22m [36m[1m[vite][22m[39m [90m[2m(client)[22m[39m [32mhmr update [39m[2m/src/App.tsx, /src/pages/AdminPage.tsx, /src/pages/CustomerPage.tsx, /src/pages/RegisterPage.tsx, /src/components/customer/TransactionModal.tsx, /src/components/admin/FinanceTable.tsx, /src/components/admin/AccountPanel.tsx, /src/components/admin/OrderTable.tsx, /src/components/admin/ProductForm.tsx, /src/components/admin/BankForm.tsx[22m
[2m8:06:13 AM[22m [36m[1m[vite][22m[39m [90m[2m(client)[22m[39m [32mhmr update [39m[2m/src/styles.css, /src/store/AppStore.tsx[22m
[2m8:06:32 AM[22m [36m[1m[vite][22m[39m [90m[2m(client)[22m[39m [32mhmr update [39m[2m/src/styles.css, /src/store/AppStore.tsx[22m
[2m8:06:32 AM[22m [36m[1m[vite][22m[39m [90m[2m(client)[22m[39m [33mhmr invalidate [39m[2m/src/store/AppStore.tsx[22m Could not Fast Refresh ("useAppStore" export is incompatible). Learn more at https://github.com/vitejs/vite-plugin-react/tree/main/packages/plugin-react#consistent-components-exports
[2m8:06:32 AM[22m [36m[1m[vite][22m[39m [90m[2m(client)[22m[39m [32mhmr update [39m[2m/src/App.tsx, /src/pages/AdminPage.tsx, /src/pages/CustomerPage.tsx, /src/pages/RegisterPage.tsx, /src/components/customer/TransactionModal.tsx, /src/components/admin/FinanceTable.tsx, /src/components/admin/AccountPanel.tsx, /src/components/admin/OrderTable.tsx, /src/components/admin/ProductForm.tsx, /src/components/admin/BankForm.tsx[22m
[2m8:07:25 AM[22m [36m[1m[vite][22m[39m [32m.env changed, restarting server...[39m
[2m8:07:25 AM[22m [36m[1m[vite][22m[39m server restarted.
[2m8:07:36 AM[22m [36m[1m[vite][22m[39m [32m.env changed, restarting server...[39m
[2m8:07:36 AM[22m [36m[1m[vite][22m[39m server restarted.
[2m8:07:40 AM[22m [36m[1m[vite][22m[39m [32m.env changed, restarting server...[39m
[2m8:07:40 AM[22m [36m[1m[vite][22m[39m server restarted.
[2m8:07:43 AM[22m [36m[1m[vite][22m[39m [32m.env changed, restarting server...[39m
[2m8:07:43 AM[22m [36m[1m[vite][22m[39m server restarted.
[2m8:08:52 AM[22m [36m[1m[vite][22m[39m [32m.env changed, restarting server...[39m
[2m8:08:53 AM[22m [36m[1m[vite][22m[39m server restarted.
[2m8:09:34 AM[22m [36m[1m[vite][22m[39m [32m.env changed, restarting server...[39m
[2m8:09:34 AM[22m [36m[1m[vite][22m[39m server restarted.
[2m8:09:43 AM[22m [36m[1m[vite][22m[39m [32m.env changed, restarting server...[39m
[2m8:09:43 AM[22m [36m[1m[vite][22m[39m server restarted.
[2m8:10:07 AM[22m [36m[1m[vite][22m[39m [32m.env changed, restarting server...[39m
[2m8:10:07 AM[22m [36m[1m[vite][22m[39m server restarted.
[2m8:11:12 AM[22m [36m[1m[vite][22m[39m [32m.env changed, restarting server...[39m
[2m8:11:12 AM[22m [36m[1m[vite][22m[39m server restarted.
[2m8:12:58 AM[22m [36m[1m[vite][22m[39m [32m.env changed, restarting server...[39m
[2m8:12:58 AM[22m [36m[1m[vite][22m[39m server restarted.
